  [1m[35m (139.4ms)[0m  [1m[35mCREATE TABLE "schema_migrations" ("version" character varying NOT NULL PRIMARY KEY)[0m
  [1m[35m (24.8ms)[0m  [1m[35mCREATE TABLE "ar_internal_metadata" ("key" character varying NOT NULL PRIMARY KEY, "value" character varying, "created_at" timestamp NOT NULL, "updated_at" timestamp NOT NULL)[0m
  [1m[35m (0.8ms)[0m  [1m[34mSELECT pg_try_advisory_lock(4042686100896465855)[0m
  [1m[35m (11.7ms)[0m  [1m[34mSELECT "schema_migrations"."version" FROM "schema_migrations" ORDER BY "schema_migrations"."version" ASC[0m
Migrating to CreateUsers (20181108231807)
  [1m[35m (0.3ms)[0m  [1m[35mBEGIN[0m
  [1m[35m (43.2ms)[0m  [1m[35mCREATE TABLE "users" ("id" bigserial primary key, "username" character varying NOT NULL, "created_at" timestamp NOT NULL, "updated_at" timestamp NOT NULL)[0m
  [1m[35m (1.2ms)[0m  [1m[35mCREATE UNIQUE INDEX  "index_users_on_username" ON "users"  ("username")[0m
  [1m[35mSQL (0.6ms)[0m  [1m[32mINSERT INTO "schema_migrations" ("version") VALUES ($1) RETURNING "version"[0m  [["version", "20181108231807"]]
  [1m[35m (0.7ms)[0m  [1m[35mCOMMIT[0m
  [1m[36mActiveRecord::InternalMetadata Load (0.9ms)[0m  [1m[34mSELECT  "ar_internal_metadata".* FROM "ar_internal_metadata" WHERE "ar_internal_metadata"."key" = $1 LIMIT $2[0m  [["key", "environment"], ["LIMIT", 1]]
  [1m[35m (0.2ms)[0m  [1m[35mBEGIN[0m
  [1m[35mSQL (0.6ms)[0m  [1m[32mINSERT INTO "ar_internal_metadata" ("key", "value", "created_at", "updated_at") VALUES ($1, $2, $3, $4) RETURNING "key"[0m  [["key", "environment"], ["value", "development"], ["created_at", "2018-11-08 23:21:17.463523"], ["updated_at", "2018-11-08 23:21:17.463523"]]
  [1m[35m (0.5ms)[0m  [1m[35mCOMMIT[0m
  [1m[35m (1.3ms)[0m  [1m[34mSELECT pg_advisory_unlock(4042686100896465855)[0m
  [1m[35m (0.6ms)[0m  [1m[34mSELECT "schema_migrations"."version" FROM "schema_migrations" ORDER BY "schema_migrations"."version" ASC[0m
  [1m[35m (0.3ms)[0m  [1m[34mSELECT pg_try_advisory_lock(4042686100896465855)[0m
  [1m[35m (19.2ms)[0m  [1m[34mSELECT "schema_migrations"."version" FROM "schema_migrations" ORDER BY "schema_migrations"."version" ASC[0m
Migrating to CreatePolls (20181108232125)
  [1m[35m (0.6ms)[0m  [1m[34mSELECT pg_advisory_unlock(4042686100896465855)[0m
  [1m[35m (0.3ms)[0m  [1m[34mSELECT pg_try_advisory_lock(4042686100896465855)[0m
  [1m[35m (1.0ms)[0m  [1m[34mSELECT "schema_migrations"."version" FROM "schema_migrations" ORDER BY "schema_migrations"."version" ASC[0m
Migrating to CreatePolls (20181108232125)
  [1m[35m (0.4ms)[0m  [1m[34mSELECT pg_advisory_unlock(4042686100896465855)[0m
  [1m[35m (0.4ms)[0m  [1m[34mSELECT pg_try_advisory_lock(4042686100896465855)[0m
  [1m[35m (2.1ms)[0m  [1m[34mSELECT "schema_migrations"."version" FROM "schema_migrations" ORDER BY "schema_migrations"."version" ASC[0m
Migrating to CreatePolls (20181108232125)
  [1m[35m (0.4ms)[0m  [1m[34mSELECT pg_advisory_unlock(4042686100896465855)[0m
  [1m[35m (0.3ms)[0m  [1m[34mSELECT pg_try_advisory_lock(4042686100896465855)[0m
  [1m[35m (1.0ms)[0m  [1m[34mSELECT "schema_migrations"."version" FROM "schema_migrations" ORDER BY "schema_migrations"."version" ASC[0m
Migrating to CreatePolls (20181108232125)
  [1m[35m (0.3ms)[0m  [1m[35mBEGIN[0m
  [1m[35m (25.5ms)[0m  [1m[35mCREATE TABLE "polls" ("id" bigserial primary key, "title" character varying NOT NULL, "user_id" integer NOT NULL, "created_at" timestamp NOT NULL, "updated_at" timestamp NOT NULL)[0m
  [1m[35m (1.5ms)[0m  [1m[35mCREATE UNIQUE INDEX  "index_polls_on_user_id" ON "polls"  ("user_id")[0m
  [1m[35mSQL (0.6ms)[0m  [1m[32mINSERT INTO "schema_migrations" ("version") VALUES ($1) RETURNING "version"[0m  [["version", "20181108232125"]]
  [1m[35m (1.2ms)[0m  [1m[35mCOMMIT[0m
Migrating to CreateQuestions (20181108232345)
  [1m[35m (0.6ms)[0m  [1m[35mBEGIN[0m
  [1m[35m (7.2ms)[0m  [1m[35mCREATE TABLE "questions" ("id" bigserial primary key, "poll_id" integer NOT NULL, "body" text, "created_at" timestamp NOT NULL, "updated_at" timestamp NOT NULL)[0m
  [1m[35m (1.3ms)[0m  [1m[35mCREATE  INDEX  "index_questions_on_poll_id" ON "questions"  ("poll_id")[0m
  [1m[35mSQL (0.4ms)[0m  [1m[32mINSERT INTO "schema_migrations" ("version") VALUES ($1) RETURNING "version"[0m  [["version", "20181108232345"]]
  [1m[35m (0.8ms)[0m  [1m[35mCOMMIT[0m
Migrating to CreateAnswerChoices (20181108232751)
  [1m[35m (0.4ms)[0m  [1m[35mBEGIN[0m
  [1m[35m (13.8ms)[0m  [1m[35mCREATE TABLE "answer_choices" ("id" bigserial primary key, "question_id" integer NOT NULL, "option" text, "created_at" timestamp NOT NULL, "updated_at" timestamp NOT NULL)[0m
  [1m[35m (2.6ms)[0m  [1m[35mCREATE  INDEX  "index_answer_choices_on_question_id" ON "answer_choices"  ("question_id")[0m
  [1m[35mSQL (0.4ms)[0m  [1m[32mINSERT INTO "schema_migrations" ("version") VALUES ($1) RETURNING "version"[0m  [["version", "20181108232751"]]
  [1m[35m (0.6ms)[0m  [1m[35mCOMMIT[0m
  [1m[36mActiveRecord::InternalMetadata Load (0.5ms)[0m  [1m[34mSELECT  "ar_internal_metadata".* FROM "ar_internal_metadata" WHERE "ar_internal_metadata"."key" = $1 LIMIT $2[0m  [["key", "environment"], ["LIMIT", 1]]
  [1m[35m (0.2ms)[0m  [1m[35mBEGIN[0m
  [1m[35m (0.1ms)[0m  [1m[35mCOMMIT[0m
  [1m[35m (0.3ms)[0m  [1m[34mSELECT pg_advisory_unlock(4042686100896465855)[0m
  [1m[35m (0.3ms)[0m  [1m[34mSELECT "schema_migrations"."version" FROM "schema_migrations" ORDER BY "schema_migrations"."version" ASC[0m
  [1m[35m (0.4ms)[0m  [1m[34mSELECT pg_try_advisory_lock(4042686100896465855)[0m
  [1m[35m (10.7ms)[0m  [1m[34mSELECT "schema_migrations"."version" FROM "schema_migrations" ORDER BY "schema_migrations"."version" ASC[0m
Migrating to CreateResponses (20181108233058)
  [1m[35m (0.2ms)[0m  [1m[35mBEGIN[0m
  [1m[35m (5.7ms)[0m  [1m[35mCREATE TABLE "responses" ("id" bigserial primary key, "answer_choice_id" integer NOT NULL, "user_id" integer NOT NULL, "created_at" timestamp NOT NULL, "updated_at" timestamp NOT NULL)[0m
  [1m[35m (1.3ms)[0m  [1m[35mCREATE  INDEX  "index_responses_on_answer_choice_id" ON "responses"  ("answer_choice_id")[0m
  [1m[35m (16.2ms)[0m  [1m[35mCREATE  INDEX  "index_responses_on_user_id" ON "responses"  ("user_id")[0m
  [1m[35mSQL (0.7ms)[0m  [1m[32mINSERT INTO "schema_migrations" ("version") VALUES ($1) RETURNING "version"[0m  [["version", "20181108233058"]]
  [1m[35m (0.7ms)[0m  [1m[35mCOMMIT[0m
  [1m[36mActiveRecord::InternalMetadata Load (0.6ms)[0m  [1m[34mSELECT  "ar_internal_metadata".* FROM "ar_internal_metadata" WHERE "ar_internal_metadata"."key" = $1 LIMIT $2[0m  [["key", "environment"], ["LIMIT", 1]]
  [1m[35m (0.5ms)[0m  [1m[35mBEGIN[0m
  [1m[35m (0.3ms)[0m  [1m[35mCOMMIT[0m
  [1m[35m (0.4ms)[0m  [1m[34mSELECT pg_advisory_unlock(4042686100896465855)[0m
  [1m[35m (0.3ms)[0m  [1m[34mSELECT "schema_migrations"."version" FROM "schema_migrations" ORDER BY "schema_migrations"."version" ASC[0m
  [1m[35m (16.3ms)[0m  [1m[34mSELECT "schema_migrations"."version" FROM "schema_migrations" ORDER BY "schema_migrations"."version" ASC[0m
  [1m[35m (13.4ms)[0m  [1m[34mSELECT "schema_migrations"."version" FROM "schema_migrations" ORDER BY "schema_migrations"."version" ASC[0m
  [1m[35m (1.2ms)[0m  [1m[34mSELECT "schema_migrations"."version" FROM "schema_migrations" ORDER BY "schema_migrations"."version" ASC[0m
  [1m[36mUser Load (41.3ms)[0m  [1m[34mSELECT "users".* FROM "users"[0m
  [1m[35m (1.2ms)[0m  [1m[34mSELECT "schema_migrations"."version" FROM "schema_migrations" ORDER BY "schema_migrations"."version" ASC[0m
  [1m[36mUser Load (1.0ms)[0m  [1m[34mSELECT "users".* FROM "users"[0m
  [1m[36mUser Load (0.4ms)[0m  [1m[34mSELECT  "users".* FROM "users" ORDER BY "users"."id" ASC LIMIT $1[0m  [["LIMIT", 1]]
  [1m[35m (14.3ms)[0m  [1m[34mSELECT "schema_migrations"."version" FROM "schema_migrations" ORDER BY "schema_migrations"."version" ASC[0m
  [1m[35m (0.3ms)[0m  [1m[35mBEGIN[0m
  [1m[36mUser Exists (1.0ms)[0m  [1m[34mSELECT  1 AS one FROM "users" WHERE "users"."username" = $1 LIMIT $2[0m  [["username", "emma"], ["LIMIT", 1]]
  [1m[35mSQL (1.2ms)[0m  [1m[32mINSERT INTO "users" ("username", "created_at", "updated_at") VALUES ($1, $2, $3) RETURNING "id"[0m  [["username", "emma"], ["created_at", "2018-11-09 00:40:32.389712"], ["updated_at", "2018-11-09 00:40:32.389712"]]
  [1m[35m (0.5ms)[0m  [1m[35mCOMMIT[0m
  [1m[35m (0.1ms)[0m  [1m[35mBEGIN[0m
  [1m[36mUser Exists (0.4ms)[0m  [1m[34mSELECT  1 AS one FROM "users" WHERE "users"."username" = $1 LIMIT $2[0m  [["username", "erica"], ["LIMIT", 1]]
  [1m[35mSQL (0.4ms)[0m  [1m[32mINSERT INTO "users" ("username", "created_at", "updated_at") VALUES ($1, $2, $3) RETURNING "id"[0m  [["username", "erica"], ["created_at", "2018-11-09 00:40:32.395252"], ["updated_at", "2018-11-09 00:40:32.395252"]]
  [1m[35m (0.5ms)[0m  [1m[35mCOMMIT[0m
  [1m[35m (0.1ms)[0m  [1m[35mBEGIN[0m
  [1m[36mUser Exists (0.4ms)[0m  [1m[34mSELECT  1 AS one FROM "users" WHERE "users"."username" = $1 LIMIT $2[0m  [["username", "bob"], ["LIMIT", 1]]
  [1m[35mSQL (0.5ms)[0m  [1m[32mINSERT INTO "users" ("username", "created_at", "updated_at") VALUES ($1, $2, $3) RETURNING "id"[0m  [["username", "bob"], ["created_at", "2018-11-09 00:40:32.398726"], ["updated_at", "2018-11-09 00:40:32.398726"]]
  [1m[35m (0.5ms)[0m  [1m[35mCOMMIT[0m
  [1m[35m (0.2ms)[0m  [1m[35mBEGIN[0m
  [1m[36mUser Load (0.4ms)[0m  [1m[34mSELECT  "users".* FROM "users" WHERE "users"."id" = $1 LIMIT $2[0m  [["id", 2], ["LIMIT", 1]]
  [1m[35mSQL (11.9ms)[0m  [1m[32mINSERT INTO "polls" ("title", "user_id", "created_at", "updated_at") VALUES ($1, $2, $3, $4) RETURNING "id"[0m  [["title", "Best House"], ["user_id", 2], ["created_at", "2018-11-09 00:40:32.485425"], ["updated_at", "2018-11-09 00:40:32.485425"]]
  [1m[35m (0.6ms)[0m  [1m[35mCOMMIT[0m
  [1m[35m (0.2ms)[0m  [1m[35mBEGIN[0m
  [1m[36mUser Load (0.5ms)[0m  [1m[34mSELECT  "users".* FROM "users" WHERE "users"."id" = $1 LIMIT $2[0m  [["id", 1], ["LIMIT", 1]]
  [1m[35mSQL (0.6ms)[0m  [1m[32mINSERT INTO "polls" ("title", "user_id", "created_at", "updated_at") VALUES ($1, $2, $3, $4) RETURNING "id"[0m  [["title", "Best Food"], ["user_id", 1], ["created_at", "2018-11-09 00:40:32.502796"], ["updated_at", "2018-11-09 00:40:32.502796"]]
  [1m[35m (0.5ms)[0m  [1m[35mCOMMIT[0m
  [1m[35m (0.2ms)[0m  [1m[35mBEGIN[0m
  [1m[36mPoll Load (0.5ms)[0m  [1m[34mSELECT  "polls".* FROM "polls" WHERE "polls"."id" = $1 LIMIT $2[0m  [["id", 1], ["LIMIT", 1]]
  [1m[35mSQL (1.6ms)[0m  [1m[32mINSERT INTO "questions" ("poll_id", "body", "created_at", "updated_at") VALUES ($1, $2, $3, $4) RETURNING "id"[0m  [["poll_id", 1], ["body", "Which Harry Potter house is the best?"], ["created_at", "2018-11-09 00:40:32.547149"], ["updated_at", "2018-11-09 00:40:32.547149"]]
  [1m[35m (0.4ms)[0m  [1m[35mCOMMIT[0m
  [1m[35m (0.1ms)[0m  [1m[35mBEGIN[0m
  [1m[36mPoll Load (0.4ms)[0m  [1m[34mSELECT  "polls".* FROM "polls" WHERE "polls"."id" = $1 LIMIT $2[0m  [["id", 2], ["LIMIT", 1]]
  [1m[35mSQL (0.4ms)[0m  [1m[32mINSERT INTO "questions" ("poll_id", "body", "created_at", "updated_at") VALUES ($1, $2, $3, $4) RETURNING "id"[0m  [["poll_id", 2], ["body", "Which food is the best?"], ["created_at", "2018-11-09 00:40:32.552488"], ["updated_at", "2018-11-09 00:40:32.552488"]]
  [1m[35m (0.5ms)[0m  [1m[35mCOMMIT[0m
  [1m[35m (0.1ms)[0m  [1m[35mBEGIN[0m
  [1m[36mPoll Load (0.3ms)[0m  [1m[34mSELECT  "polls".* FROM "polls" WHERE "polls"."id" = $1 LIMIT $2[0m  [["id", 1], ["LIMIT", 1]]
  [1m[35mSQL (0.4ms)[0m  [1m[32mINSERT INTO "questions" ("poll_id", "body", "created_at", "updated_at") VALUES ($1, $2, $3, $4) RETURNING "id"[0m  [["poll_id", 1], ["body", "Which harry potter character is the best?"], ["created_at", "2018-11-09 00:40:32.555771"], ["updated_at", "2018-11-09 00:40:32.555771"]]
  [1m[35m (0.4ms)[0m  [1m[35mCOMMIT[0m
  [1m[35m (0.1ms)[0m  [1m[35mBEGIN[0m
  [1m[36mPoll Load (0.4ms)[0m  [1m[34mSELECT  "polls".* FROM "polls" WHERE "polls"."id" = $1 LIMIT $2[0m  [["id", 2], ["LIMIT", 1]]
  [1m[35mSQL (0.4ms)[0m  [1m[32mINSERT INTO "questions" ("poll_id", "body", "created_at", "updated_at") VALUES ($1, $2, $3, $4) RETURNING "id"[0m  [["poll_id", 2], ["body", "What kind of pizza is best?"], ["created_at", "2018-11-09 00:40:32.559058"], ["updated_at", "2018-11-09 00:40:32.559058"]]
  [1m[35m (0.4ms)[0m  [1m[35mCOMMIT[0m
  [1m[35m (0.2ms)[0m  [1m[35mBEGIN[0m
  [1m[36mQuestion Load (0.4ms)[0m  [1m[34mSELECT  "questions".* FROM "questions" WHERE "questions"."id" = $1 LIMIT $2[0m  [["id", 1], ["LIMIT", 1]]
  [1m[35mSQL (1.6ms)[0m  [1m[32mINSERT INTO "answer_choices" ("question_id", "option", "created_at", "updated_at") VALUES ($1, $2, $3, $4) RETURNING "id"[0m  [["question_id", 1], ["option", "Gryffindor"], ["created_at", "2018-11-09 00:40:32.576998"], ["updated_at", "2018-11-09 00:40:32.576998"]]
  [1m[35m (0.4ms)[0m  [1m[35mCOMMIT[0m
  [1m[35m (0.1ms)[0m  [1m[35mBEGIN[0m
  [1m[36mQuestion Load (0.3ms)[0m  [1m[34mSELECT  "questions".* FROM "questions" WHERE "questions"."id" = $1 LIMIT $2[0m  [["id", 1], ["LIMIT", 1]]
  [1m[35mSQL (0.4ms)[0m  [1m[32mINSERT INTO "answer_choices" ("question_id", "option", "created_at", "updated_at") VALUES ($1, $2, $3, $4) RETURNING "id"[0m  [["question_id", 1], ["option", "HufflePuff"], ["created_at", "2018-11-09 00:40:32.581992"], ["updated_at", "2018-11-09 00:40:32.581992"]]
  [1m[35m (0.4ms)[0m  [1m[35mCOMMIT[0m
  [1m[35m (0.1ms)[0m  [1m[35mBEGIN[0m
  [1m[36mQuestion Load (0.3ms)[0m  [1m[34mSELECT  "questions".* FROM "questions" WHERE "questions"."id" = $1 LIMIT $2[0m  [["id", 1], ["LIMIT", 1]]
  [1m[35mSQL (0.4ms)[0m  [1m[32mINSERT INTO "answer_choices" ("question_id", "option", "created_at", "updated_at") VALUES ($1, $2, $3, $4) RETURNING "id"[0m  [["question_id", 1], ["option", "Ravenclaw"], ["created_at", "2018-11-09 00:40:32.585185"], ["updated_at", "2018-11-09 00:40:32.585185"]]
  [1m[35m (0.5ms)[0m  [1m[35mCOMMIT[0m
  [1m[35m (0.1ms)[0m  [1m[35mBEGIN[0m
  [1m[36mQuestion Load (0.3ms)[0m  [1m[34mSELECT  "questions".* FROM "questions" WHERE "questions"."id" = $1 LIMIT $2[0m  [["id", 1], ["LIMIT", 1]]
  [1m[35mSQL (0.4ms)[0m  [1m[32mINSERT INTO "answer_choices" ("question_id", "option", "created_at", "updated_at") VALUES ($1, $2, $3, $4) RETURNING "id"[0m  [["question_id", 1], ["option", "Slytherin"], ["created_at", "2018-11-09 00:40:32.588351"], ["updated_at", "2018-11-09 00:40:32.588351"]]
  [1m[35m (0.5ms)[0m  [1m[35mCOMMIT[0m
  [1m[35m (0.1ms)[0m  [1m[35mBEGIN[0m
  [1m[36mQuestion Load (0.3ms)[0m  [1m[34mSELECT  "questions".* FROM "questions" WHERE "questions"."id" = $1 LIMIT $2[0m  [["id", 3], ["LIMIT", 1]]
  [1m[35mSQL (0.4ms)[0m  [1m[32mINSERT INTO "answer_choices" ("question_id", "option", "created_at", "updated_at") VALUES ($1, $2, $3, $4) RETURNING "id"[0m  [["question_id", 3], ["option", "Harry Potter"], ["created_at", "2018-11-09 00:40:32.591515"], ["updated_at", "2018-11-09 00:40:32.591515"]]
  [1m[35m (0.3ms)[0m  [1m[35mCOMMIT[0m
  [1m[35m (0.1ms)[0m  [1m[35mBEGIN[0m
  [1m[36mQuestion Load (0.3ms)[0m  [1m[34mSELECT  "questions".* FROM "questions" WHERE "questions"."id" = $1 LIMIT $2[0m  [["id", 3], ["LIMIT", 1]]
  [1m[35mSQL (0.4ms)[0m  [1m[32mINSERT INTO "answer_choices" ("question_id", "option", "created_at", "updated_at") VALUES ($1, $2, $3, $4) RETURNING "id"[0m  [["question_id", 3], ["option", "Hermione Granger"], ["created_at", "2018-11-09 00:40:32.594819"], ["updated_at", "2018-11-09 00:40:32.594819"]]
  [1m[35m (0.5ms)[0m  [1m[35mCOMMIT[0m
  [1m[35m (0.1ms)[0m  [1m[35mBEGIN[0m
  [1m[36mQuestion Load (0.2ms)[0m  [1m[34mSELECT  "questions".* FROM "questions" WHERE "questions"."id" = $1 LIMIT $2[0m  [["id", 3], ["LIMIT", 1]]
  [1m[35mSQL (0.4ms)[0m  [1m[32mINSERT INTO "answer_choices" ("question_id", "option", "created_at", "updated_at") VALUES ($1, $2, $3, $4) RETURNING "id"[0m  [["question_id", 3], ["option", "Ron Weasley"], ["created_at", "2018-11-09 00:40:32.597884"], ["updated_at", "2018-11-09 00:40:32.597884"]]
  [1m[35m (0.4ms)[0m  [1m[35mCOMMIT[0m
  [1m[35m (0.1ms)[0m  [1m[35mBEGIN[0m
  [1m[36mQuestion Load (0.2ms)[0m  [1m[34mSELECT  "questions".* FROM "questions" WHERE "questions"."id" = $1 LIMIT $2[0m  [["id", 3], ["LIMIT", 1]]
  [1m[35mSQL (0.4ms)[0m  [1m[32mINSERT INTO "answer_choices" ("question_id", "option", "created_at", "updated_at") VALUES ($1, $2, $3, $4) RETURNING "id"[0m  [["question_id", 3], ["option", "Albus Dumbledore"], ["created_at", "2018-11-09 00:40:32.600907"], ["updated_at", "2018-11-09 00:40:32.600907"]]
  [1m[35m (0.5ms)[0m  [1m[35mCOMMIT[0m
  [1m[35m (0.1ms)[0m  [1m[35mBEGIN[0m
  [1m[36mQuestion Load (0.2ms)[0m  [1m[34mSELECT  "questions".* FROM "questions" WHERE "questions"."id" = $1 LIMIT $2[0m  [["id", 2], ["LIMIT", 1]]
  [1m[35mSQL (0.4ms)[0m  [1m[32mINSERT INTO "answer_choices" ("question_id", "option", "created_at", "updated_at") VALUES ($1, $2, $3, $4) RETURNING "id"[0m  [["question_id", 2], ["option", "Pancakes"], ["created_at", "2018-11-09 00:40:32.603955"], ["updated_at", "2018-11-09 00:40:32.603955"]]
  [1m[35m (0.4ms)[0m  [1m[35mCOMMIT[0m
  [1m[35m (0.1ms)[0m  [1m[35mBEGIN[0m
  [1m[36mQuestion Load (0.2ms)[0m  [1m[34mSELECT  "questions".* FROM "questions" WHERE "questions"."id" = $1 LIMIT $2[0m  [["id", 2], ["LIMIT", 1]]
  [1m[35mSQL (0.4ms)[0m  [1m[32mINSERT INTO "answer_choices" ("question_id", "option", "created_at", "updated_at") VALUES ($1, $2, $3, $4) RETURNING "id"[0m  [["question_id", 2], ["option", "Pizza"], ["created_at", "2018-11-09 00:40:32.607062"], ["updated_at", "2018-11-09 00:40:32.607062"]]
  [1m[35m (0.4ms)[0m  [1m[35mCOMMIT[0m
  [1m[35m (0.1ms)[0m  [1m[35mBEGIN[0m
  [1m[36mQuestion Load (0.2ms)[0m  [1m[34mSELECT  "questions".* FROM "questions" WHERE "questions"."id" = $1 LIMIT $2[0m  [["id", 2], ["LIMIT", 1]]
  [1m[35mSQL (0.4ms)[0m  [1m[32mINSERT INTO "answer_choices" ("question_id", "option", "created_at", "updated_at") VALUES ($1, $2, $3, $4) RETURNING "id"[0m  [["question_id", 2], ["option", "Chocolate Cake"], ["created_at", "2018-11-09 00:40:32.610064"], ["updated_at", "2018-11-09 00:40:32.610064"]]
  [1m[35m (0.5ms)[0m  [1m[35mCOMMIT[0m
  [1m[35m (0.1ms)[0m  [1m[35mBEGIN[0m
  [1m[36mQuestion Load (0.2ms)[0m  [1m[34mSELECT  "questions".* FROM "questions" WHERE "questions"."id" = $1 LIMIT $2[0m  [["id", 2], ["LIMIT", 1]]
  [1m[35mSQL (0.4ms)[0m  [1m[32mINSERT INTO "answer_choices" ("question_id", "option", "created_at", "updated_at") VALUES ($1, $2, $3, $4) RETURNING "id"[0m  [["question_id", 2], ["option", "Grilled Cheese"], ["created_at", "2018-11-09 00:40:32.613255"], ["updated_at", "2018-11-09 00:40:32.613255"]]
  [1m[35m (0.8ms)[0m  [1m[35mCOMMIT[0m
  [1m[35m (0.2ms)[0m  [1m[35mBEGIN[0m
  [1m[36mQuestion Load (0.3ms)[0m  [1m[34mSELECT  "questions".* FROM "questions" WHERE "questions"."id" = $1 LIMIT $2[0m  [["id", 4], ["LIMIT", 1]]
  [1m[35mSQL (0.4ms)[0m  [1m[32mINSERT INTO "answer_choices" ("question_id", "option", "created_at", "updated_at") VALUES ($1, $2, $3, $4) RETURNING "id"[0m  [["question_id", 4], ["option", "Cheese"], ["created_at", "2018-11-09 00:40:32.617087"], ["updated_at", "2018-11-09 00:40:32.617087"]]
  [1m[35m (0.5ms)[0m  [1m[35mCOMMIT[0m
  [1m[35m (0.1ms)[0m  [1m[35mBEGIN[0m
  [1m[36mQuestion Load (0.2ms)[0m  [1m[34mSELECT  "questions".* FROM "questions" WHERE "questions"."id" = $1 LIMIT $2[0m  [["id", 4], ["LIMIT", 1]]
  [1m[35mSQL (0.4ms)[0m  [1m[32mINSERT INTO "answer_choices" ("question_id", "option", "created_at", "updated_at") VALUES ($1, $2, $3, $4) RETURNING "id"[0m  [["question_id", 4], ["option", "Pepperoni"], ["created_at", "2018-11-09 00:40:32.620267"], ["updated_at", "2018-11-09 00:40:32.620267"]]
  [1m[35m (0.5ms)[0m  [1m[35mCOMMIT[0m
  [1m[35m (0.1ms)[0m  [1m[35mBEGIN[0m
  [1m[36mQuestion Load (0.2ms)[0m  [1m[34mSELECT  "questions".* FROM "questions" WHERE "questions"."id" = $1 LIMIT $2[0m  [["id", 4], ["LIMIT", 1]]
  [1m[35mSQL (0.4ms)[0m  [1m[32mINSERT INTO "answer_choices" ("question_id", "option", "created_at", "updated_at") VALUES ($1, $2, $3, $4) RETURNING "id"[0m  [["question_id", 4], ["option", "Pineapple"], ["created_at", "2018-11-09 00:40:32.623333"], ["updated_at", "2018-11-09 00:40:32.623333"]]
  [1m[35m (0.5ms)[0m  [1m[35mCOMMIT[0m
  [1m[35m (0.1ms)[0m  [1m[35mBEGIN[0m
  [1m[36mQuestion Load (0.2ms)[0m  [1m[34mSELECT  "questions".* FROM "questions" WHERE "questions"."id" = $1 LIMIT $2[0m  [["id", 4], ["LIMIT", 1]]
  [1m[35mSQL (0.4ms)[0m  [1m[32mINSERT INTO "answer_choices" ("question_id", "option", "created_at", "updated_at") VALUES ($1, $2, $3, $4) RETURNING "id"[0m  [["question_id", 4], ["option", "Italian Sausage"], ["created_at", "2018-11-09 00:40:32.626402"], ["updated_at", "2018-11-09 00:40:32.626402"]]
  [1m[35m (0.3ms)[0m  [1m[35mCOMMIT[0m
  [1m[35m (0.2ms)[0m  [1m[35mBEGIN[0m
  [1m[36mAnswerChoice Load (0.4ms)[0m  [1m[34mSELECT  "answer_choices".* FROM "answer_choices" WHERE "answer_choices"."id" = $1 LIMIT $2[0m  [["id", 2], ["LIMIT", 1]]
  [1m[36mUser Load (0.5ms)[0m  [1m[34mSELECT  "users".* FROM "users" WHERE "users"."id" = $1 LIMIT $2[0m  [["id", 2], ["LIMIT", 1]]
  [1m[35mSQL (19.9ms)[0m  [1m[32mINSERT INTO "responses" ("answer_choice_id", "user_id", "created_at", "updated_at") VALUES ($1, $2, $3, $4) RETURNING "id"[0m  [["answer_choice_id", 2], ["user_id", 2], ["created_at", "2018-11-09 00:40:32.646353"], ["updated_at", "2018-11-09 00:40:32.646353"]]
  [1m[35m (0.5ms)[0m  [1m[35mCOMMIT[0m
  [1m[35m (0.2ms)[0m  [1m[35mBEGIN[0m
  [1m[36mAnswerChoice Load (0.4ms)[0m  [1m[34mSELECT  "answer_choices".* FROM "answer_choices" WHERE "answer_choices"."id" = $1 LIMIT $2[0m  [["id", 6], ["LIMIT", 1]]
  [1m[36mUser Load (0.4ms)[0m  [1m[34mSELECT  "users".* FROM "users" WHERE "users"."id" = $1 LIMIT $2[0m  [["id", 2], ["LIMIT", 1]]
  [1m[35mSQL (0.4ms)[0m  [1m[32mINSERT INTO "responses" ("answer_choice_id", "user_id", "created_at", "updated_at") VALUES ($1, $2, $3, $4) RETURNING "id"[0m  [["answer_choice_id", 6], ["user_id", 2], ["created_at", "2018-11-09 00:40:32.671560"], ["updated_at", "2018-11-09 00:40:32.671560"]]
  [1m[35m (0.6ms)[0m  [1m[35mCOMMIT[0m
  [1m[35m (0.2ms)[0m  [1m[35mBEGIN[0m
  [1m[36mAnswerChoice Load (0.5ms)[0m  [1m[34mSELECT  "answer_choices".* FROM "answer_choices" WHERE "answer_choices"."id" = $1 LIMIT $2[0m  [["id", 12], ["LIMIT", 1]]
  [1m[36mUser Load (0.4ms)[0m  [1m[34mSELECT  "users".* FROM "users" WHERE "users"."id" = $1 LIMIT $2[0m  [["id", 2], ["LIMIT", 1]]
  [1m[35mSQL (0.5ms)[0m  [1m[32mINSERT INTO "responses" ("answer_choice_id", "user_id", "created_at", "updated_at") VALUES ($1, $2, $3, $4) RETURNING "id"[0m  [["answer_choice_id", 12], ["user_id", 2], ["created_at", "2018-11-09 00:40:32.677318"], ["updated_at", "2018-11-09 00:40:32.677318"]]
  [1m[35m (0.5ms)[0m  [1m[35mCOMMIT[0m
  [1m[35m (0.1ms)[0m  [1m[35mBEGIN[0m
  [1m[36mAnswerChoice Load (0.3ms)[0m  [1m[34mSELECT  "answer_choices".* FROM "answer_choices" WHERE "answer_choices"."id" = $1 LIMIT $2[0m  [["id", 13], ["LIMIT", 1]]
  [1m[36mUser Load (0.3ms)[0m  [1m[34mSELECT  "users".* FROM "users" WHERE "users"."id" = $1 LIMIT $2[0m  [["id", 2], ["LIMIT", 1]]
  [1m[35mSQL (0.4ms)[0m  [1m[32mINSERT INTO "responses" ("answer_choice_id", "user_id", "created_at", "updated_at") VALUES ($1, $2, $3, $4) RETURNING "id"[0m  [["answer_choice_id", 13], ["user_id", 2], ["created_at", "2018-11-09 00:40:32.682028"], ["updated_at", "2018-11-09 00:40:32.682028"]]
  [1m[35m (0.4ms)[0m  [1m[35mCOMMIT[0m
  [1m[35m (0.1ms)[0m  [1m[35mBEGIN[0m
  [1m[36mAnswerChoice Load (0.3ms)[0m  [1m[34mSELECT  "answer_choices".* FROM "answer_choices" WHERE "answer_choices"."id" = $1 LIMIT $2[0m  [["id", 4], ["LIMIT", 1]]
  [1m[36mUser Load (0.2ms)[0m  [1m[34mSELECT  "users".* FROM "users" WHERE "users"."id" = $1 LIMIT $2[0m  [["id", 1], ["LIMIT", 1]]
  [1m[35mSQL (0.4ms)[0m  [1m[32mINSERT INTO "responses" ("answer_choice_id", "user_id", "created_at", "updated_at") VALUES ($1, $2, $3, $4) RETURNING "id"[0m  [["answer_choice_id", 4], ["user_id", 1], ["created_at", "2018-11-09 00:40:32.686224"], ["updated_at", "2018-11-09 00:40:32.686224"]]
  [1m[35m (0.5ms)[0m  [1m[35mCOMMIT[0m
  [1m[35m (0.1ms)[0m  [1m[35mBEGIN[0m
  [1m[36mAnswerChoice Load (0.3ms)[0m  [1m[34mSELECT  "answer_choices".* FROM "answer_choices" WHERE "answer_choices"."id" = $1 LIMIT $2[0m  [["id", 5], ["LIMIT", 1]]
  [1m[36mUser Load (0.2ms)[0m  [1m[34mSELECT  "users".* FROM "users" WHERE "users"."id" = $1 LIMIT $2[0m  [["id", 1], ["LIMIT", 1]]
  [1m[35mSQL (0.4ms)[0m  [1m[32mINSERT INTO "responses" ("answer_choice_id", "user_id", "created_at", "updated_at") VALUES ($1, $2, $3, $4) RETURNING "id"[0m  [["answer_choice_id", 5], ["user_id", 1], ["created_at", "2018-11-09 00:40:32.690473"], ["updated_at", "2018-11-09 00:40:32.690473"]]
  [1m[35m (0.6ms)[0m  [1m[35mCOMMIT[0m
  [1m[35m (0.2ms)[0m  [1m[35mBEGIN[0m
  [1m[36mAnswerChoice Load (0.4ms)[0m  [1m[34mSELECT  "answer_choices".* FROM "answer_choices" WHERE "answer_choices"."id" = $1 LIMIT $2[0m  [["id", 10], ["LIMIT", 1]]
  [1m[36mUser Load (0.2ms)[0m  [1m[34mSELECT  "users".* FROM "users" WHERE "users"."id" = $1 LIMIT $2[0m  [["id", 1], ["LIMIT", 1]]
  [1m[35mSQL (0.5ms)[0m  [1m[32mINSERT INTO "responses" ("answer_choice_id", "user_id", "created_at", "updated_at") VALUES ($1, $2, $3, $4) RETURNING "id"[0m  [["answer_choice_id", 10], ["user_id", 1], ["created_at", "2018-11-09 00:40:32.695757"], ["updated_at", "2018-11-09 00:40:32.695757"]]
  [1m[35m (0.4ms)[0m  [1m[35mCOMMIT[0m
  [1m[35m (0.1ms)[0m  [1m[35mBEGIN[0m
  [1m[36mAnswerChoice Load (0.2ms)[0m  [1m[34mSELECT  "answer_choices".* FROM "answer_choices" WHERE "answer_choices"."id" = $1 LIMIT $2[0m  [["id", 16], ["LIMIT", 1]]
  [1m[36mUser Load (0.2ms)[0m  [1m[34mSELECT  "users".* FROM "users" WHERE "users"."id" = $1 LIMIT $2[0m  [["id", 1], ["LIMIT", 1]]
  [1m[35mSQL (0.4ms)[0m  [1m[32mINSERT INTO "responses" ("answer_choice_id", "user_id", "created_at", "updated_at") VALUES ($1, $2, $3, $4) RETURNING "id"[0m  [["answer_choice_id", 16], ["user_id", 1], ["created_at", "2018-11-09 00:40:32.700101"], ["updated_at", "2018-11-09 00:40:32.700101"]]
  [1m[35m (0.5ms)[0m  [1m[35mCOMMIT[0m
  [1m[35m (0.1ms)[0m  [1m[35mBEGIN[0m
  [1m[36mAnswerChoice Load (0.2ms)[0m  [1m[34mSELECT  "answer_choices".* FROM "answer_choices" WHERE "answer_choices"."id" = $1 LIMIT $2[0m  [["id", 3], ["LIMIT", 1]]
  [1m[36mUser Load (0.2ms)[0m  [1m[34mSELECT  "users".* FROM "users" WHERE "users"."id" = $1 LIMIT $2[0m  [["id", 3], ["LIMIT", 1]]
  [1m[35mSQL (0.4ms)[0m  [1m[32mINSERT INTO "responses" ("answer_choice_id", "user_id", "created_at", "updated_at") VALUES ($1, $2, $3, $4) RETURNING "id"[0m  [["answer_choice_id", 3], ["user_id", 3], ["created_at", "2018-11-09 00:40:32.704065"], ["updated_at", "2018-11-09 00:40:32.704065"]]
  [1m[35m (0.4ms)[0m  [1m[35mCOMMIT[0m
  [1m[35m (0.1ms)[0m  [1m[35mBEGIN[0m
  [1m[36mAnswerChoice Load (0.2ms)[0m  [1m[34mSELECT  "answer_choices".* FROM "answer_choices" WHERE "answer_choices"."id" = $1 LIMIT $2[0m  [["id", 6], ["LIMIT", 1]]
  [1m[36mUser Load (0.3ms)[0m  [1m[34mSELECT  "users".* FROM "users" WHERE "users"."id" = $1 LIMIT $2[0m  [["id", 3], ["LIMIT", 1]]
  [1m[35mSQL (0.4ms)[0m  [1m[32mINSERT INTO "responses" ("answer_choice_id", "user_id", "created_at", "updated_at") VALUES ($1, $2, $3, $4) RETURNING "id"[0m  [["answer_choice_id", 6], ["user_id", 3], ["created_at", "2018-11-09 00:40:32.708200"], ["updated_at", "2018-11-09 00:40:32.708200"]]
  [1m[35m (0.5ms)[0m  [1m[35mCOMMIT[0m
  [1m[36mUser Load (0.8ms)[0m  [1m[34mSELECT "users".* FROM "users"[0m
  [1m[35m (1.0ms)[0m  [1m[34mSELECT "schema_migrations"."version" FROM "schema_migrations" ORDER BY "schema_migrations"."version" ASC[0m
  [1m[36mUser Load (0.8ms)[0m  [1m[34mSELECT "users".* FROM "users"[0m
  [1m[35m (0.2ms)[0m  [1m[35mBEGIN[0m
  [1m[35mSQL (0.6ms)[0m  [1m[31mDELETE FROM "users" WHERE "users"."id" = $1[0m  [["id", 1]]
  [1m[35m (0.6ms)[0m  [1m[35mCOMMIT[0m
  [1m[35m (0.2ms)[0m  [1m[35mBEGIN[0m
  [1m[35mSQL (0.4ms)[0m  [1m[31mDELETE FROM "users" WHERE "users"."id" = $1[0m  [["id", 2]]
  [1m[35m (3.4ms)[0m  [1m[35mCOMMIT[0m
  [1m[35m (0.2ms)[0m  [1m[35mBEGIN[0m
  [1m[35mSQL (0.4ms)[0m  [1m[31mDELETE FROM "users" WHERE "users"."id" = $1[0m  [["id", 3]]
  [1m[35m (0.5ms)[0m  [1m[35mCOMMIT[0m
  [1m[35m (0.2ms)[0m  [1m[35mBEGIN[0m
  [1m[36mUser Exists (1.1ms)[0m  [1m[34mSELECT  1 AS one FROM "users" WHERE "users"."username" = $1 LIMIT $2[0m  [["username", "emma"], ["LIMIT", 1]]
  [1m[35mSQL (0.6ms)[0m  [1m[32mINSERT INTO "users" ("username", "created_at", "updated_at") VALUES ($1, $2, $3) RETURNING "id"[0m  [["username", "emma"], ["created_at", "2018-11-09 00:44:10.794854"], ["updated_at", "2018-11-09 00:44:10.794854"]]
  [1m[35m (0.4ms)[0m  [1m[35mCOMMIT[0m
  [1m[35m (0.1ms)[0m  [1m[35mBEGIN[0m
  [1m[36mUser Exists (0.4ms)[0m  [1m[34mSELECT  1 AS one FROM "users" WHERE "users"."username" = $1 LIMIT $2[0m  [["username", "erica"], ["LIMIT", 1]]
  [1m[35mSQL (0.4ms)[0m  [1m[32mINSERT INTO "users" ("username", "created_at", "updated_at") VALUES ($1, $2, $3) RETURNING "id"[0m  [["username", "erica"], ["created_at", "2018-11-09 00:44:10.799522"], ["updated_at", "2018-11-09 00:44:10.799522"]]
  [1m[35m (0.5ms)[0m  [1m[35mCOMMIT[0m
  [1m[35m (0.2ms)[0m  [1m[35mBEGIN[0m
  [1m[36mUser Exists (0.4ms)[0m  [1m[34mSELECT  1 AS one FROM "users" WHERE "users"."username" = $1 LIMIT $2[0m  [["username", "bob"], ["LIMIT", 1]]
  [1m[35mSQL (0.6ms)[0m  [1m[32mINSERT INTO "users" ("username", "created_at", "updated_at") VALUES ($1, $2, $3) RETURNING "id"[0m  [["username", "bob"], ["created_at", "2018-11-09 00:44:10.803533"], ["updated_at", "2018-11-09 00:44:10.803533"]]
  [1m[35m (0.5ms)[0m  [1m[35mCOMMIT[0m
  [1m[36mPoll Load (0.7ms)[0m  [1m[34mSELECT "polls".* FROM "polls"[0m
  [1m[35m (0.2ms)[0m  [1m[35mBEGIN[0m
  [1m[35mSQL (0.5ms)[0m  [1m[31mDELETE FROM "polls" WHERE "polls"."id" = $1[0m  [["id", 1]]
  [1m[35m (0.5ms)[0m  [1m[35mCOMMIT[0m
  [1m[35m (0.2ms)[0m  [1m[35mBEGIN[0m
  [1m[35mSQL (0.4ms)[0m  [1m[31mDELETE FROM "polls" WHERE "polls"."id" = $1[0m  [["id", 2]]
  [1m[35m (0.4ms)[0m  [1m[35mCOMMIT[0m
  [1m[35m (0.2ms)[0m  [1m[35mBEGIN[0m
  [1m[36mUser Load (0.5ms)[0m  [1m[34mSELECT  "users".* FROM "users" WHERE "users"."id" = $1 LIMIT $2[0m  [["id", 5], ["LIMIT", 1]]
  [1m[35mSQL (0.6ms)[0m  [1m[32mINSERT INTO "polls" ("title", "user_id", "created_at", "updated_at") VALUES ($1, $2, $3, $4) RETURNING "id"[0m  [["title", "Best House"], ["user_id", 5], ["created_at", "2018-11-09 00:44:10.850438"], ["updated_at", "2018-11-09 00:44:10.850438"]]
  [1m[35m (0.5ms)[0m  [1m[35mCOMMIT[0m
  [1m[35m (0.1ms)[0m  [1m[35mBEGIN[0m
  [1m[36mUser Load (0.3ms)[0m  [1m[34mSELECT  "users".* FROM "users" WHERE "users"."id" = $1 LIMIT $2[0m  [["id", 4], ["LIMIT", 1]]
  [1m[35mSQL (0.5ms)[0m  [1m[32mINSERT INTO "polls" ("title", "user_id", "created_at", "updated_at") VALUES ($1, $2, $3, $4) RETURNING "id"[0m  [["title", "Best Food"], ["user_id", 4], ["created_at", "2018-11-09 00:44:10.855250"], ["updated_at", "2018-11-09 00:44:10.855250"]]
  [1m[35m (0.5ms)[0m  [1m[35mCOMMIT[0m
  [1m[36mQuestion Load (0.7ms)[0m  [1m[34mSELECT "questions".* FROM "questions"[0m
  [1m[35m (0.2ms)[0m  [1m[35mBEGIN[0m
  [1m[35mSQL (0.4ms)[0m  [1m[31mDELETE FROM "questions" WHERE "questions"."id" = $1[0m  [["id", 1]]
  [1m[35m (0.4ms)[0m  [1m[35mCOMMIT[0m
  [1m[35m (0.1ms)[0m  [1m[35mBEGIN[0m
  [1m[35mSQL (0.3ms)[0m  [1m[31mDELETE FROM "questions" WHERE "questions"."id" = $1[0m  [["id", 2]]
  [1m[35m (0.4ms)[0m  [1m[35mCOMMIT[0m
  [1m[35m (0.1ms)[0m  [1m[35mBEGIN[0m
  [1m[35mSQL (0.4ms)[0m  [1m[31mDELETE FROM "questions" WHERE "questions"."id" = $1[0m  [["id", 3]]
  [1m[35m (0.4ms)[0m  [1m[35mCOMMIT[0m
  [1m[35m (0.1ms)[0m  [1m[35mBEGIN[0m
  [1m[35mSQL (0.3ms)[0m  [1m[31mDELETE FROM "questions" WHERE "questions"."id" = $1[0m  [["id", 4]]
  [1m[35m (0.3ms)[0m  [1m[35mCOMMIT[0m
  [1m[35m (0.1ms)[0m  [1m[35mBEGIN[0m
  [1m[36mPoll Load (0.3ms)[0m  [1m[34mSELECT  "polls".* FROM "polls" WHERE "polls"."id" = $1 LIMIT $2[0m  [["id", 3], ["LIMIT", 1]]
  [1m[35mSQL (0.6ms)[0m  [1m[32mINSERT INTO "questions" ("poll_id", "body", "created_at", "updated_at") VALUES ($1, $2, $3, $4) RETURNING "id"[0m  [["poll_id", 3], ["body", "Which Harry Potter house is the best?"], ["created_at", "2018-11-09 00:44:10.896561"], ["updated_at", "2018-11-09 00:44:10.896561"]]
  [1m[35m (0.5ms)[0m  [1m[35mCOMMIT[0m
  [1m[35m (0.1ms)[0m  [1m[35mBEGIN[0m
  [1m[36mPoll Load (0.4ms)[0m  [1m[34mSELECT  "polls".* FROM "polls" WHERE "polls"."id" = $1 LIMIT $2[0m  [["id", 4], ["LIMIT", 1]]
  [1m[35mSQL (0.4ms)[0m  [1m[32mINSERT INTO "questions" ("poll_id", "body", "created_at", "updated_at") VALUES ($1, $2, $3, $4) RETURNING "id"[0m  [["poll_id", 4], ["body", "Which food is the best?"], ["created_at", "2018-11-09 00:44:10.900545"], ["updated_at", "2018-11-09 00:44:10.900545"]]
  [1m[35m (0.5ms)[0m  [1m[35mCOMMIT[0m
  [1m[35m (0.1ms)[0m  [1m[35mBEGIN[0m
  [1m[36mPoll Load (0.3ms)[0m  [1m[34mSELECT  "polls".* FROM "polls" WHERE "polls"."id" = $1 LIMIT $2[0m  [["id", 3], ["LIMIT", 1]]
  [1m[35mSQL (0.4ms)[0m  [1m[32mINSERT INTO "questions" ("poll_id", "body", "created_at", "updated_at") VALUES ($1, $2, $3, $4) RETURNING "id"[0m  [["poll_id", 3], ["body", "Which harry potter character is the best?"], ["created_at", "2018-11-09 00:44:10.903814"], ["updated_at", "2018-11-09 00:44:10.903814"]]
  [1m[35m (0.4ms)[0m  [1m[35mCOMMIT[0m
  [1m[35m (0.1ms)[0m  [1m[35mBEGIN[0m
  [1m[36mPoll Load (0.4ms)[0m  [1m[34mSELECT  "polls".* FROM "polls" WHERE "polls"."id" = $1 LIMIT $2[0m  [["id", 4], ["LIMIT", 1]]
  [1m[35mSQL (0.4ms)[0m  [1m[32mINSERT INTO "questions" ("poll_id", "body", "created_at", "updated_at") VALUES ($1, $2, $3, $4) RETURNING "id"[0m  [["poll_id", 4], ["body", "What kind of pizza is best?"], ["created_at", "2018-11-09 00:44:10.907358"], ["updated_at", "2018-11-09 00:44:10.907358"]]
  [1m[35m (0.4ms)[0m  [1m[35mCOMMIT[0m
  [1m[36mAnswerChoice Load (0.7ms)[0m  [1m[34mSELECT "answer_choices".* FROM "answer_choices"[0m
  [1m[35m (0.2ms)[0m  [1m[35mBEGIN[0m
  [1m[35mSQL (0.4ms)[0m  [1m[31mDELETE FROM "answer_choices" WHERE "answer_choices"."id" = $1[0m  [["id", 1]]
  [1m[35m (0.5ms)[0m  [1m[35mCOMMIT[0m
  [1m[35m (0.2ms)[0m  [1m[35mBEGIN[0m
  [1m[35mSQL (0.6ms)[0m  [1m[31mDELETE FROM "answer_choices" WHERE "answer_choices"."id" = $1[0m  [["id", 2]]
  [1m[35m (0.4ms)[0m  [1m[35mCOMMIT[0m
  [1m[35m (0.2ms)[0m  [1m[35mBEGIN[0m
  [1m[35mSQL (0.5ms)[0m  [1m[31mDELETE FROM "answer_choices" WHERE "answer_choices"."id" = $1[0m  [["id", 3]]
  [1m[35m (0.4ms)[0m  [1m[35mCOMMIT[0m
  [1m[35m (0.1ms)[0m  [1m[35mBEGIN[0m
  [1m[35mSQL (0.3ms)[0m  [1m[31mDELETE FROM "answer_choices" WHERE "answer_choices"."id" = $1[0m  [["id", 4]]
  [1m[35m (0.4ms)[0m  [1m[35mCOMMIT[0m
  [1m[35m (0.1ms)[0m  [1m[35mBEGIN[0m
  [1m[35mSQL (0.4ms)[0m  [1m[31mDELETE FROM "answer_choices" WHERE "answer_choices"."id" = $1[0m  [["id", 5]]
  [1m[35m (0.4ms)[0m  [1m[35mCOMMIT[0m
  [1m[35m (0.1ms)[0m  [1m[35mBEGIN[0m
  [1m[35mSQL (0.3ms)[0m  [1m[31mDELETE FROM "answer_choices" WHERE "answer_choices"."id" = $1[0m  [["id", 6]]
  [1m[35m (0.3ms)[0m  [1m[35mCOMMIT[0m
  [1m[35m (0.1ms)[0m  [1m[35mBEGIN[0m
  [1m[35mSQL (0.3ms)[0m  [1m[31mDELETE FROM "answer_choices" WHERE "answer_choices"."id" = $1[0m  [["id", 7]]
  [1m[35m (0.4ms)[0m  [1m[35mCOMMIT[0m
  [1m[35m (0.1ms)[0m  [1m[35mBEGIN[0m
  [1m[35mSQL (0.3ms)[0m  [1m[31mDELETE FROM "answer_choices" WHERE "answer_choices"."id" = $1[0m  [["id", 8]]
  [1m[35m (0.4ms)[0m  [1m[35mCOMMIT[0m
  [1m[35m (0.1ms)[0m  [1m[35mBEGIN[0m
  [1m[35mSQL (0.3ms)[0m  [1m[31mDELETE FROM "answer_choices" WHERE "answer_choices"."id" = $1[0m  [["id", 9]]
  [1m[35m (0.4ms)[0m  [1m[35mCOMMIT[0m
  [1m[35m (0.1ms)[0m  [1m[35mBEGIN[0m
  [1m[35mSQL (0.3ms)[0m  [1m[31mDELETE FROM "answer_choices" WHERE "answer_choices"."id" = $1[0m  [["id", 10]]
  [1m[35m (0.4ms)[0m  [1m[35mCOMMIT[0m
  [1m[35m (0.1ms)[0m  [1m[35mBEGIN[0m
  [1m[35mSQL (0.3ms)[0m  [1m[31mDELETE FROM "answer_choices" WHERE "answer_choices"."id" = $1[0m  [["id", 11]]
  [1m[35m (0.3ms)[0m  [1m[35mCOMMIT[0m
  [1m[35m (0.1ms)[0m  [1m[35mBEGIN[0m
  [1m[35mSQL (0.3ms)[0m  [1m[31mDELETE FROM "answer_choices" WHERE "answer_choices"."id" = $1[0m  [["id", 12]]
  [1m[35m (0.4ms)[0m  [1m[35mCOMMIT[0m
  [1m[35m (0.1ms)[0m  [1m[35mBEGIN[0m
  [1m[35mSQL (0.3ms)[0m  [1m[31mDELETE FROM "answer_choices" WHERE "answer_choices"."id" = $1[0m  [["id", 13]]
  [1m[35m (0.3ms)[0m  [1m[35mCOMMIT[0m
  [1m[35m (0.1ms)[0m  [1m[35mBEGIN[0m
  [1m[35mSQL (0.3ms)[0m  [1m[31mDELETE FROM "answer_choices" WHERE "answer_choices"."id" = $1[0m  [["id", 14]]
  [1m[35m (0.3ms)[0m  [1m[35mCOMMIT[0m
  [1m[35m (0.1ms)[0m  [1m[35mBEGIN[0m
  [1m[35mSQL (0.3ms)[0m  [1m[31mDELETE FROM "answer_choices" WHERE "answer_choices"."id" = $1[0m  [["id", 15]]
  [1m[35m (0.4ms)[0m  [1m[35mCOMMIT[0m
  [1m[35m (0.1ms)[0m  [1m[35mBEGIN[0m
  [1m[35mSQL (0.3ms)[0m  [1m[31mDELETE FROM "answer_choices" WHERE "answer_choices"."id" = $1[0m  [["id", 16]]
  [1m[35m (0.4ms)[0m  [1m[35mCOMMIT[0m
  [1m[35m (0.1ms)[0m  [1m[35mBEGIN[0m
  [1m[36mQuestion Load (0.3ms)[0m  [1m[34mSELECT  "questions".* FROM "questions" WHERE "questions"."id" = $1 LIMIT $2[0m  [["id", 5], ["LIMIT", 1]]
  [1m[35mSQL (0.9ms)[0m  [1m[32mINSERT INTO "answer_choices" ("question_id", "option", "created_at", "updated_at") VALUES ($1, $2, $3, $4) RETURNING "id"[0m  [["question_id", 5], ["option", "Gryffindor"], ["created_at", "2018-11-09 00:44:10.949770"], ["updated_at", "2018-11-09 00:44:10.949770"]]
  [1m[35m (0.5ms)[0m  [1m[35mCOMMIT[0m
  [1m[35m (0.2ms)[0m  [1m[35mBEGIN[0m
  [1m[36mQuestion Load (0.7ms)[0m  [1m[34mSELECT  "questions".* FROM "questions" WHERE "questions"."id" = $1 LIMIT $2[0m  [["id", 5], ["LIMIT", 1]]
  [1m[35mSQL (0.5ms)[0m  [1m[32mINSERT INTO "answer_choices" ("question_id", "option", "created_at", "updated_at") VALUES ($1, $2, $3, $4) RETURNING "id"[0m  [["question_id", 5], ["option", "HufflePuff"], ["created_at", "2018-11-09 00:44:10.955108"], ["updated_at", "2018-11-09 00:44:10.955108"]]
  [1m[35m (0.5ms)[0m  [1m[35mCOMMIT[0m
  [1m[35m (0.1ms)[0m  [1m[35mBEGIN[0m
  [1m[36mQuestion Load (0.4ms)[0m  [1m[34mSELECT  "questions".* FROM "questions" WHERE "questions"."id" = $1 LIMIT $2[0m  [["id", 5], ["LIMIT", 1]]
  [1m[35mSQL (0.7ms)[0m  [1m[32mINSERT INTO "answer_choices" ("question_id", "option", "created_at", "updated_at") VALUES ($1, $2, $3, $4) RETURNING "id"[0m  [["question_id", 5], ["option", "Ravenclaw"], ["created_at", "2018-11-09 00:44:10.959010"], ["updated_at", "2018-11-09 00:44:10.959010"]]
  [1m[35m (0.5ms)[0m  [1m[35mCOMMIT[0m
  [1m[35m (0.3ms)[0m  [1m[35mBEGIN[0m
  [1m[36mQuestion Load (0.6ms)[0m  [1m[34mSELECT  "questions".* FROM "questions" WHERE "questions"."id" = $1 LIMIT $2[0m  [["id", 5], ["LIMIT", 1]]
  [1m[35mSQL (0.6ms)[0m  [1m[32mINSERT INTO "answer_choices" ("question_id", "option", "created_at", "updated_at") VALUES ($1, $2, $3, $4) RETURNING "id"[0m  [["question_id", 5], ["option", "Slytherin"], ["created_at", "2018-11-09 00:44:10.963778"], ["updated_at", "2018-11-09 00:44:10.963778"]]
  [1m[35m (0.4ms)[0m  [1m[35mCOMMIT[0m
  [1m[35m (0.1ms)[0m  [1m[35mBEGIN[0m
  [1m[36mQuestion Load (0.3ms)[0m  [1m[34mSELECT  "questions".* FROM "questions" WHERE "questions"."id" = $1 LIMIT $2[0m  [["id", 7], ["LIMIT", 1]]
  [1m[35mSQL (0.4ms)[0m  [1m[32mINSERT INTO "answer_choices" ("question_id", "option", "created_at", "updated_at") VALUES ($1, $2, $3, $4) RETURNING "id"[0m  [["question_id", 7], ["option", "Harry Potter"], ["created_at", "2018-11-09 00:44:10.968050"], ["updated_at", "2018-11-09 00:44:10.968050"]]
  [1m[35m (0.5ms)[0m  [1m[35mCOMMIT[0m
  [1m[35m (0.1ms)[0m  [1m[35mBEGIN[0m
  [1m[36mQuestion Load (0.3ms)[0m  [1m[34mSELECT  "questions".* FROM "questions" WHERE "questions"."id" = $1 LIMIT $2[0m  [["id", 7], ["LIMIT", 1]]
  [1m[35mSQL (0.5ms)[0m  [1m[32mINSERT INTO "answer_choices" ("question_id", "option", "created_at", "updated_at") VALUES ($1, $2, $3, $4) RETURNING "id"[0m  [["question_id", 7], ["option", "Hermione Granger"], ["created_at", "2018-11-09 00:44:10.971498"], ["updated_at", "2018-11-09 00:44:10.971498"]]
  [1m[35m (0.5ms)[0m  [1m[35mCOMMIT[0m
  [1m[35m (0.1ms)[0m  [1m[35mBEGIN[0m
  [1m[36mQuestion Load (0.4ms)[0m  [1m[34mSELECT  "questions".* FROM "questions" WHERE "questions"."id" = $1 LIMIT $2[0m  [["id", 7], ["LIMIT", 1]]
  [1m[35mSQL (0.6ms)[0m  [1m[32mINSERT INTO "answer_choices" ("question_id", "option", "created_at", "updated_at") VALUES ($1, $2, $3, $4) RETURNING "id"[0m  [["question_id", 7], ["option", "Ron Weasley"], ["created_at", "2018-11-09 00:44:10.975406"], ["updated_at", "2018-11-09 00:44:10.975406"]]
  [1m[35m (0.6ms)[0m  [1m[35mCOMMIT[0m
  [1m[35m (0.2ms)[0m  [1m[35mBEGIN[0m
  [1m[36mQuestion Load (0.2ms)[0m  [1m[34mSELECT  "questions".* FROM "questions" WHERE "questions"."id" = $1 LIMIT $2[0m  [["id", 7], ["LIMIT", 1]]
  [1m[35mSQL (0.4ms)[0m  [1m[32mINSERT INTO "answer_choices" ("question_id", "option", "created_at", "updated_at") VALUES ($1, $2, $3, $4) RETURNING "id"[0m  [["question_id", 7], ["option", "Albus Dumbledore"], ["created_at", "2018-11-09 00:44:10.979716"], ["updated_at", "2018-11-09 00:44:10.979716"]]
  [1m[35m (0.5ms)[0m  [1m[35mCOMMIT[0m
  [1m[35m (0.1ms)[0m  [1m[35mBEGIN[0m
  [1m[36mQuestion Load (0.2ms)[0m  [1m[34mSELECT  "questions".* FROM "questions" WHERE "questions"."id" = $1 LIMIT $2[0m  [["id", 6], ["LIMIT", 1]]
  [1m[35mSQL (0.4ms)[0m  [1m[32mINSERT INTO "answer_choices" ("question_id", "option", "created_at", "updated_at") VALUES ($1, $2, $3, $4) RETURNING "id"[0m  [["question_id", 6], ["option", "Pancakes"], ["created_at", "2018-11-09 00:44:10.982894"], ["updated_at", "2018-11-09 00:44:10.982894"]]
  [1m[35m (0.5ms)[0m  [1m[35mCOMMIT[0m
  [1m[35m (0.1ms)[0m  [1m[35mBEGIN[0m
  [1m[36mQuestion Load (0.2ms)[0m  [1m[34mSELECT  "questions".* FROM "questions" WHERE "questions"."id" = $1 LIMIT $2[0m  [["id", 6], ["LIMIT", 1]]
  [1m[35mSQL (0.4ms)[0m  [1m[32mINSERT INTO "answer_choices" ("question_id", "option", "created_at", "updated_at") VALUES ($1, $2, $3, $4) RETURNING "id"[0m  [["question_id", 6], ["option", "Pizza"], ["created_at", "2018-11-09 00:44:10.985909"], ["updated_at", "2018-11-09 00:44:10.985909"]]
  [1m[35m (0.4ms)[0m  [1m[35mCOMMIT[0m
  [1m[35m (0.1ms)[0m  [1m[35mBEGIN[0m
  [1m[36mQuestion Load (0.2ms)[0m  [1m[34mSELECT  "questions".* FROM "questions" WHERE "questions"."id" = $1 LIMIT $2[0m  [["id", 6], ["LIMIT", 1]]
  [1m[35mSQL (0.4ms)[0m  [1m[32mINSERT INTO "answer_choices" ("question_id", "option", "created_at", "updated_at") VALUES ($1, $2, $3, $4) RETURNING "id"[0m  [["question_id", 6], ["option", "Chocolate Cake"], ["created_at", "2018-11-09 00:44:10.988971"], ["updated_at", "2018-11-09 00:44:10.988971"]]
  [1m[35m (0.4ms)[0m  [1m[35mCOMMIT[0m
  [1m[35m (0.1ms)[0m  [1m[35mBEGIN[0m
  [1m[36mQuestion Load (0.2ms)[0m  [1m[34mSELECT  "questions".* FROM "questions" WHERE "questions"."id" = $1 LIMIT $2[0m  [["id", 6], ["LIMIT", 1]]
  [1m[35mSQL (0.4ms)[0m  [1m[32mINSERT INTO "answer_choices" ("question_id", "option", "created_at", "updated_at") VALUES ($1, $2, $3, $4) RETURNING "id"[0m  [["question_id", 6], ["option", "Grilled Cheese"], ["created_at", "2018-11-09 00:44:10.992099"], ["updated_at", "2018-11-09 00:44:10.992099"]]
  [1m[35m (0.4ms)[0m  [1m[35mCOMMIT[0m
  [1m[35m (0.2ms)[0m  [1m[35mBEGIN[0m
  [1m[36mQuestion Load (0.2ms)[0m  [1m[34mSELECT  "questions".* FROM "questions" WHERE "questions"."id" = $1 LIMIT $2[0m  [["id", 8], ["LIMIT", 1]]
  [1m[35mSQL (0.4ms)[0m  [1m[32mINSERT INTO "answer_choices" ("question_id", "option", "created_at", "updated_at") VALUES ($1, $2, $3, $4) RETURNING "id"[0m  [["question_id", 8], ["option", "Cheese"], ["created_at", "2018-11-09 00:44:10.995634"], ["updated_at", "2018-11-09 00:44:10.995634"]]
  [1m[35m (0.4ms)[0m  [1m[35mCOMMIT[0m
  [1m[35m (0.1ms)[0m  [1m[35mBEGIN[0m
  [1m[36mQuestion Load (0.2ms)[0m  [1m[34mSELECT  "questions".* FROM "questions" WHERE "questions"."id" = $1 LIMIT $2[0m  [["id", 8], ["LIMIT", 1]]
  [1m[35mSQL (0.4ms)[0m  [1m[32mINSERT INTO "answer_choices" ("question_id", "option", "created_at", "updated_at") VALUES ($1, $2, $3, $4) RETURNING "id"[0m  [["question_id", 8], ["option", "Pepperoni"], ["created_at", "2018-11-09 00:44:10.998777"], ["updated_at", "2018-11-09 00:44:10.998777"]]
  [1m[35m (0.4ms)[0m  [1m[35mCOMMIT[0m
  [1m[35m (0.1ms)[0m  [1m[35mBEGIN[0m
  [1m[36mQuestion Load (0.2ms)[0m  [1m[34mSELECT  "questions".* FROM "questions" WHERE "questions"."id" = $1 LIMIT $2[0m  [["id", 8], ["LIMIT", 1]]
  [1m[35mSQL (0.4ms)[0m  [1m[32mINSERT INTO "answer_choices" ("question_id", "option", "created_at", "updated_at") VALUES ($1, $2, $3, $4) RETURNING "id"[0m  [["question_id", 8], ["option", "Pineapple"], ["created_at", "2018-11-09 00:44:11.002028"], ["updated_at", "2018-11-09 00:44:11.002028"]]
  [1m[35m (0.5ms)[0m  [1m[35mCOMMIT[0m
  [1m[35m (0.1ms)[0m  [1m[35mBEGIN[0m
  [1m[36mQuestion Load (0.2ms)[0m  [1m[34mSELECT  "questions".* FROM "questions" WHERE "questions"."id" = $1 LIMIT $2[0m  [["id", 8], ["LIMIT", 1]]
  [1m[35mSQL (0.4ms)[0m  [1m[32mINSERT INTO "answer_choices" ("question_id", "option", "created_at", "updated_at") VALUES ($1, $2, $3, $4) RETURNING "id"[0m  [["question_id", 8], ["option", "Italian Sausage"], ["created_at", "2018-11-09 00:44:11.005153"], ["updated_at", "2018-11-09 00:44:11.005153"]]
  [1m[35m (0.4ms)[0m  [1m[35mCOMMIT[0m
  [1m[36mResponse Load (0.8ms)[0m  [1m[34mSELECT "responses".* FROM "responses"[0m
  [1m[35m (0.2ms)[0m  [1m[35mBEGIN[0m
  [1m[35mSQL (0.4ms)[0m  [1m[31mDELETE FROM "responses" WHERE "responses"."id" = $1[0m  [["id", 1]]
  [1m[35m (0.5ms)[0m  [1m[35mCOMMIT[0m
  [1m[35m (0.1ms)[0m  [1m[35mBEGIN[0m
  [1m[35mSQL (0.3ms)[0m  [1m[31mDELETE FROM "responses" WHERE "responses"."id" = $1[0m  [["id", 2]]
  [1m[35m (0.4ms)[0m  [1m[35mCOMMIT[0m
  [1m[35m (0.1ms)[0m  [1m[35mBEGIN[0m
  [1m[35mSQL (0.3ms)[0m  [1m[31mDELETE FROM "responses" WHERE "responses"."id" = $1[0m  [["id", 3]]
  [1m[35m (0.4ms)[0m  [1m[35mCOMMIT[0m
  [1m[35m (0.1ms)[0m  [1m[35mBEGIN[0m
  [1m[35mSQL (0.3ms)[0m  [1m[31mDELETE FROM "responses" WHERE "responses"."id" = $1[0m  [["id", 4]]
  [1m[35m (0.4ms)[0m  [1m[35mCOMMIT[0m
  [1m[35m (0.1ms)[0m  [1m[35mBEGIN[0m
  [1m[35mSQL (0.3ms)[0m  [1m[31mDELETE FROM "responses" WHERE "responses"."id" = $1[0m  [["id", 5]]
  [1m[35m (0.3ms)[0m  [1m[35mCOMMIT[0m
  [1m[35m (0.1ms)[0m  [1m[35mBEGIN[0m
  [1m[35mSQL (0.3ms)[0m  [1m[31mDELETE FROM "responses" WHERE "responses"."id" = $1[0m  [["id", 6]]
  [1m[35m (0.3ms)[0m  [1m[35mCOMMIT[0m
  [1m[35m (0.1ms)[0m  [1m[35mBEGIN[0m
  [1m[35mSQL (0.3ms)[0m  [1m[31mDELETE FROM "responses" WHERE "responses"."id" = $1[0m  [["id", 7]]
  [1m[35m (0.3ms)[0m  [1m[35mCOMMIT[0m
  [1m[35m (0.1ms)[0m  [1m[35mBEGIN[0m
  [1m[35mSQL (0.3ms)[0m  [1m[31mDELETE FROM "responses" WHERE "responses"."id" = $1[0m  [["id", 8]]
  [1m[35m (0.3ms)[0m  [1m[35mCOMMIT[0m
  [1m[35m (0.1ms)[0m  [1m[35mBEGIN[0m
  [1m[35mSQL (0.3ms)[0m  [1m[31mDELETE FROM "responses" WHERE "responses"."id" = $1[0m  [["id", 9]]
  [1m[35m (0.3ms)[0m  [1m[35mCOMMIT[0m
  [1m[35m (0.1ms)[0m  [1m[35mBEGIN[0m
  [1m[35mSQL (0.3ms)[0m  [1m[31mDELETE FROM "responses" WHERE "responses"."id" = $1[0m  [["id", 10]]
  [1m[35m (0.3ms)[0m  [1m[35mCOMMIT[0m
  [1m[35m (0.1ms)[0m  [1m[35mBEGIN[0m
  [1m[36mAnswerChoice Load (0.4ms)[0m  [1m[34mSELECT  "answer_choices".* FROM "answer_choices" WHERE "answer_choices"."id" = $1 LIMIT $2[0m  [["id", 18], ["LIMIT", 1]]
  [1m[36mUser Load (0.3ms)[0m  [1m[34mSELECT  "users".* FROM "users" WHERE "users"."id" = $1 LIMIT $2[0m  [["id", 5], ["LIMIT", 1]]
  [1m[35mSQL (0.6ms)[0m  [1m[32mINSERT INTO "responses" ("answer_choice_id", "user_id", "created_at", "updated_at") VALUES ($1, $2, $3, $4) RETURNING "id"[0m  [["answer_choice_id", 18], ["user_id", 5], ["created_at", "2018-11-09 00:44:11.038115"], ["updated_at", "2018-11-09 00:44:11.038115"]]
  [1m[35m (0.5ms)[0m  [1m[35mCOMMIT[0m
  [1m[35m (0.1ms)[0m  [1m[35mBEGIN[0m
  [1m[36mAnswerChoice Load (0.3ms)[0m  [1m[34mSELECT  "answer_choices".* FROM "answer_choices" WHERE "answer_choices"."id" = $1 LIMIT $2[0m  [["id", 22], ["LIMIT", 1]]
  [1m[36mUser Load (0.4ms)[0m  [1m[34mSELECT  "users".* FROM "users" WHERE "users"."id" = $1 LIMIT $2[0m  [["id", 5], ["LIMIT", 1]]
  [1m[35mSQL (0.4ms)[0m  [1m[32mINSERT INTO "responses" ("answer_choice_id", "user_id", "created_at", "updated_at") VALUES ($1, $2, $3, $4) RETURNING "id"[0m  [["answer_choice_id", 22], ["user_id", 5], ["created_at", "2018-11-09 00:44:11.043341"], ["updated_at", "2018-11-09 00:44:11.043341"]]
  [1m[35m (0.4ms)[0m  [1m[35mCOMMIT[0m
  [1m[35m (0.1ms)[0m  [1m[35mBEGIN[0m
  [1m[36mAnswerChoice Load (0.3ms)[0m  [1m[34mSELECT  "answer_choices".* FROM "answer_choices" WHERE "answer_choices"."id" = $1 LIMIT $2[0m  [["id", 28], ["LIMIT", 1]]
  [1m[36mUser Load (0.3ms)[0m  [1m[34mSELECT  "users".* FROM "users" WHERE "users"."id" = $1 LIMIT $2[0m  [["id", 5], ["LIMIT", 1]]
  [1m[35mSQL (0.4ms)[0m  [1m[32mINSERT INTO "responses" ("answer_choice_id", "user_id", "created_at", "updated_at") VALUES ($1, $2, $3, $4) RETURNING "id"[0m  [["answer_choice_id", 28], ["user_id", 5], ["created_at", "2018-11-09 00:44:11.047478"], ["updated_at", "2018-11-09 00:44:11.047478"]]
  [1m[35m (0.4ms)[0m  [1m[35mCOMMIT[0m
  [1m[35m (0.1ms)[0m  [1m[35mBEGIN[0m
  [1m[36mAnswerChoice Load (0.4ms)[0m  [1m[34mSELECT  "answer_choices".* FROM "answer_choices" WHERE "answer_choices"."id" = $1 LIMIT $2[0m  [["id", 29], ["LIMIT", 1]]
  [1m[36mUser Load (0.3ms)[0m  [1m[34mSELECT  "users".* FROM "users" WHERE "users"."id" = $1 LIMIT $2[0m  [["id", 5], ["LIMIT", 1]]
  [1m[35mSQL (0.4ms)[0m  [1m[32mINSERT INTO "responses" ("answer_choice_id", "user_id", "created_at", "updated_at") VALUES ($1, $2, $3, $4) RETURNING "id"[0m  [["answer_choice_id", 29], ["user_id", 5], ["created_at", "2018-11-09 00:44:11.052162"], ["updated_at", "2018-11-09 00:44:11.052162"]]
  [1m[35m (0.5ms)[0m  [1m[35mCOMMIT[0m
  [1m[35m (0.1ms)[0m  [1m[35mBEGIN[0m
  [1m[36mAnswerChoice Load (0.3ms)[0m  [1m[34mSELECT  "answer_choices".* FROM "answer_choices" WHERE "answer_choices"."id" = $1 LIMIT $2[0m  [["id", 20], ["LIMIT", 1]]
  [1m[36mUser Load (0.2ms)[0m  [1m[34mSELECT  "users".* FROM "users" WHERE "users"."id" = $1 LIMIT $2[0m  [["id", 4], ["LIMIT", 1]]
  [1m[35mSQL (0.4ms)[0m  [1m[32mINSERT INTO "responses" ("answer_choice_id", "user_id", "created_at", "updated_at") VALUES ($1, $2, $3, $4) RETURNING "id"[0m  [["answer_choice_id", 20], ["user_id", 4], ["created_at", "2018-11-09 00:44:11.056233"], ["updated_at", "2018-11-09 00:44:11.056233"]]
  [1m[35m (0.5ms)[0m  [1m[35mCOMMIT[0m
  [1m[35m (0.2ms)[0m  [1m[35mBEGIN[0m
  [1m[36mAnswerChoice Load (0.3ms)[0m  [1m[34mSELECT  "answer_choices".* FROM "answer_choices" WHERE "answer_choices"."id" = $1 LIMIT $2[0m  [["id", 21], ["LIMIT", 1]]
  [1m[36mUser Load (0.2ms)[0m  [1m[34mSELECT  "users".* FROM "users" WHERE "users"."id" = $1 LIMIT $2[0m  [["id", 4], ["LIMIT", 1]]
  [1m[35mSQL (0.5ms)[0m  [1m[32mINSERT INTO "responses" ("answer_choice_id", "user_id", "created_at", "updated_at") VALUES ($1, $2, $3, $4) RETURNING "id"[0m  [["answer_choice_id", 21], ["user_id", 4], ["created_at", "2018-11-09 00:44:11.060671"], ["updated_at", "2018-11-09 00:44:11.060671"]]
  [1m[35m (0.4ms)[0m  [1m[35mCOMMIT[0m
  [1m[35m (0.1ms)[0m  [1m[35mBEGIN[0m
  [1m[36mAnswerChoice Load (0.2ms)[0m  [1m[34mSELECT  "answer_choices".* FROM "answer_choices" WHERE "answer_choices"."id" = $1 LIMIT $2[0m  [["id", 26], ["LIMIT", 1]]
  [1m[36mUser Load (0.2ms)[0m  [1m[34mSELECT  "users".* FROM "users" WHERE "users"."id" = $1 LIMIT $2[0m  [["id", 4], ["LIMIT", 1]]
  [1m[35mSQL (0.5ms)[0m  [1m[32mINSERT INTO "responses" ("answer_choice_id", "user_id", "created_at", "updated_at") VALUES ($1, $2, $3, $4) RETURNING "id"[0m  [["answer_choice_id", 26], ["user_id", 4], ["created_at", "2018-11-09 00:44:11.064911"], ["updated_at", "2018-11-09 00:44:11.064911"]]
  [1m[35m (0.4ms)[0m  [1m[35mCOMMIT[0m
  [1m[35m (0.1ms)[0m  [1m[35mBEGIN[0m
  [1m[36mAnswerChoice Load (0.2ms)[0m  [1m[34mSELECT  "answer_choices".* FROM "answer_choices" WHERE "answer_choices"."id" = $1 LIMIT $2[0m  [["id", 32], ["LIMIT", 1]]
  [1m[36mUser Load (0.2ms)[0m  [1m[34mSELECT  "users".* FROM "users" WHERE "users"."id" = $1 LIMIT $2[0m  [["id", 4], ["LIMIT", 1]]
  [1m[35mSQL (0.4ms)[0m  [1m[32mINSERT INTO "responses" ("answer_choice_id", "user_id", "created_at", "updated_at") VALUES ($1, $2, $3, $4) RETURNING "id"[0m  [["answer_choice_id", 32], ["user_id", 4], ["created_at", "2018-11-09 00:44:11.069207"], ["updated_at", "2018-11-09 00:44:11.069207"]]
  [1m[35m (0.5ms)[0m  [1m[35mCOMMIT[0m
  [1m[35m (0.1ms)[0m  [1m[35mBEGIN[0m
  [1m[36mAnswerChoice Load (0.2ms)[0m  [1m[34mSELECT  "answer_choices".* FROM "answer_choices" WHERE "answer_choices"."id" = $1 LIMIT $2[0m  [["id", 19], ["LIMIT", 1]]
  [1m[36mUser Load (0.2ms)[0m  [1m[34mSELECT  "users".* FROM "users" WHERE "users"."id" = $1 LIMIT $2[0m  [["id", 6], ["LIMIT", 1]]
  [1m[35mSQL (0.5ms)[0m  [1m[32mINSERT INTO "responses" ("answer_choice_id", "user_id", "created_at", "updated_at") VALUES ($1, $2, $3, $4) RETURNING "id"[0m  [["answer_choice_id", 19], ["user_id", 6], ["created_at", "2018-11-09 00:44:11.073084"], ["updated_at", "2018-11-09 00:44:11.073084"]]
  [1m[35m (0.5ms)[0m  [1m[35mCOMMIT[0m
  [1m[35m (0.2ms)[0m  [1m[35mBEGIN[0m
  [1m[36mAnswerChoice Load (0.2ms)[0m  [1m[34mSELECT  "answer_choices".* FROM "answer_choices" WHERE "answer_choices"."id" = $1 LIMIT $2[0m  [["id", 22], ["LIMIT", 1]]
  [1m[36mUser Load (0.2ms)[0m  [1m[34mSELECT  "users".* FROM "users" WHERE "users"."id" = $1 LIMIT $2[0m  [["id", 6], ["LIMIT", 1]]
  [1m[35mSQL (0.4ms)[0m  [1m[32mINSERT INTO "responses" ("answer_choice_id", "user_id", "created_at", "updated_at") VALUES ($1, $2, $3, $4) RETURNING "id"[0m  [["answer_choice_id", 22], ["user_id", 6], ["created_at", "2018-11-09 00:44:11.077447"], ["updated_at", "2018-11-09 00:44:11.077447"]]
  [1m[35m (0.5ms)[0m  [1m[35mCOMMIT[0m
  [1m[36mUser Load (0.9ms)[0m  [1m[34mSELECT "users".* FROM "users"[0m
  [1m[36mUser Load (0.6ms)[0m  [1m[34mSELECT  "users".* FROM "users" ORDER BY "users"."id" ASC LIMIT $1[0m  [["LIMIT", 1]]
  [1m[36mUser Load (0.5ms)[0m  [1m[34mSELECT  "users".* FROM "users" ORDER BY "users"."id" ASC LIMIT $1[0m  [["LIMIT", 1]]
  [1m[36mPoll Load (0.7ms)[0m  [1m[34mSELECT "polls".* FROM "polls" WHERE "polls"."user_id" = $1[0m  [["user_id", 4]]
  [1m[36mUser Load (0.6ms)[0m  [1m[34mSELECT "users".* FROM "users"[0m
  [1m[36mResponse Load (0.7ms)[0m  [1m[34mSELECT "responses".* FROM "responses" WHERE "responses"."user_id" = $1[0m  [["user_id", 5]]
  [1m[36mPoll Load (0.4ms)[0m  [1m[34mSELECT  "polls".* FROM "polls" ORDER BY "polls"."id" ASC LIMIT $1[0m  [["LIMIT", 1]]
  [1m[36mUser Load (0.4ms)[0m  [1m[34mSELECT  "users".* FROM "users" WHERE "users"."id" = $1 LIMIT $2[0m  [["id", 5], ["LIMIT", 1]]
  [1m[36mQuestion Load (0.7ms)[0m  [1m[34mSELECT "questions".* FROM "questions" WHERE "questions"."poll_id" = $1[0m  [["poll_id", 3]]
  [1m[36mQuestion Load (0.4ms)[0m  [1m[34mSELECT  "questions".* FROM "questions" ORDER BY "questions"."id" ASC LIMIT $1[0m  [["LIMIT", 1]]
  [1m[36mQuestion Load (0.6ms)[0m  [1m[34mSELECT  "questions".* FROM "questions" ORDER BY "questions"."id" ASC LIMIT $1[0m  [["LIMIT", 1]]
  [1m[36mAnswerChoice Load (0.8ms)[0m  [1m[34mSELECT "answer_choices".* FROM "answer_choices" WHERE "answer_choices"."question_id" = $1[0m  [["question_id", 5]]
  [1m[36mQuestion Load (0.5ms)[0m  [1m[34mSELECT  "questions".* FROM "questions" ORDER BY "questions"."id" ASC LIMIT $1[0m  [["LIMIT", 1]]
  [1m[36mPoll Load (0.5ms)[0m  [1m[34mSELECT  "polls".* FROM "polls" WHERE "polls"."id" = $1 LIMIT $2[0m  [["id", 3], ["LIMIT", 1]]
  [1m[36mAnswerChoice Load (0.4ms)[0m  [1m[34mSELECT  "answer_choices".* FROM "answer_choices" ORDER BY "answer_choices"."id" ASC LIMIT $1[0m  [["LIMIT", 1]]
  [1m[36mQuestion Load (0.5ms)[0m  [1m[34mSELECT  "questions".* FROM "questions" WHERE "questions"."id" = $1 LIMIT $2[0m  [["id", 5], ["LIMIT", 1]]
  [1m[36mAnswerChoice Load (0.6ms)[0m  [1m[34mSELECT  "answer_choices".* FROM "answer_choices" ORDER BY "answer_choices"."id" ASC LIMIT $1[0m  [["LIMIT", 1]]
  [1m[36mResponse Load (0.4ms)[0m  [1m[34mSELECT "responses".* FROM "responses" WHERE "responses"."answer_choice_id" = $1[0m  [["answer_choice_id", 17]]
  [1m[36mAnswerChoice Load (0.4ms)[0m  [1m[34mSELECT  "answer_choices".* FROM "answer_choices" ORDER BY "answer_choices"."id" DESC LIMIT $1[0m  [["LIMIT", 1]]
  [1m[36mResponse Load (0.5ms)[0m  [1m[34mSELECT "responses".* FROM "responses" WHERE "responses"."answer_choice_id" = $1[0m  [["answer_choice_id", 32]]
  [1m[36mResponse Load (0.4ms)[0m  [1m[34mSELECT  "responses".* FROM "responses" ORDER BY "responses"."id" ASC LIMIT $1[0m  [["LIMIT", 1]]
  [1m[36mAnswerChoice Load (0.5ms)[0m  [1m[34mSELECT  "answer_choices".* FROM "answer_choices" WHERE "answer_choices"."id" = $1 LIMIT $2[0m  [["id", 18], ["LIMIT", 1]]
  [1m[36mResponse Load (0.5ms)[0m  [1m[34mSELECT  "responses".* FROM "responses" ORDER BY "responses"."id" ASC LIMIT $1[0m  [["LIMIT", 1]]
  [1m[36mUser Load (0.5ms)[0m  [1m[34mSELECT  "users".* FROM "users" WHERE "users"."id" = $1 LIMIT $2[0m  [["id", 5], ["LIMIT", 1]]
  [1m[36mResponse Load (0.6ms)[0m  [1m[34mSELECT  "responses".* FROM "responses" ORDER BY "responses"."id" ASC LIMIT $1[0m  [["LIMIT", 1]]
  [1m[36mQuestion Load (1.0ms)[0m  [1m[34mSELECT  "questions".* FROM "questions" INNER JOIN "answer_choices" ON "questions"."id" = "answer_choices"."question_id" WHERE "answer_choices"."id" = $1 LIMIT $2[0m  [["id", 18], ["LIMIT", 1]]
  [1m[36mResponse Load (0.4ms)[0m  [1m[34mSELECT  "responses".* FROM "responses" ORDER BY "responses"."id" ASC LIMIT $1[0m  [["LIMIT", 1]]
  [1m[36mQuestion Load (0.7ms)[0m  [1m[34mSELECT  "questions".* FROM "questions" INNER JOIN "answer_choices" ON "questions"."id" = "answer_choices"."question_id" WHERE "answer_choices"."id" = $1 LIMIT $2[0m  [["id", 18], ["LIMIT", 1]]
  [1m[36mResponse Load (0.4ms)[0m  [1m[34mSELECT  "responses".* FROM "responses" ORDER BY "responses"."id" ASC LIMIT $1[0m  [["LIMIT", 1]]
  [1m[36mQuestion Load (0.6ms)[0m  [1m[34mSELECT  "questions".* FROM "questions" INNER JOIN "answer_choices" ON "questions"."id" = "answer_choices"."question_id" WHERE "answer_choices"."id" = $1 LIMIT $2[0m  [["id", 18], ["LIMIT", 1]]
  [1m[36mResponse Load (0.6ms)[0m  [1m[34mSELECT "responses".* FROM "responses" INNER JOIN "answer_choices" ON "responses"."answer_choice_id" = "answer_choices"."id" WHERE "answer_choices"."question_id" = $1[0m  [["question_id", 5]]
  [1m[36mResponse Load (0.4ms)[0m  [1m[34mSELECT  "responses".* FROM "responses" ORDER BY "responses"."id" ASC LIMIT $1[0m  [["LIMIT", 1]]
  [1m[36mQuestion Load (0.7ms)[0m  [1m[34mSELECT  "questions".* FROM "questions" INNER JOIN "answer_choices" ON "questions"."id" = "answer_choices"."question_id" WHERE "answer_choices"."id" = $1 LIMIT $2[0m  [["id", 18], ["LIMIT", 1]]
  [1m[36mResponse Load (0.7ms)[0m  [1m[34mSELECT "responses".* FROM "responses" INNER JOIN "answer_choices" ON "responses"."answer_choice_id" = "answer_choices"."id" WHERE "answer_choices"."question_id" = $1[0m  [["question_id", 5]]
  [1m[36mResponse Load (0.4ms)[0m  [1m[34mSELECT  "responses".* FROM "responses" ORDER BY "responses"."id" ASC LIMIT $1[0m  [["LIMIT", 1]]
  [1m[36mQuestion Load (0.6ms)[0m  [1m[34mSELECT  "questions".* FROM "questions" INNER JOIN "answer_choices" ON "questions"."id" = "answer_choices"."question_id" WHERE "answer_choices"."id" = $1 LIMIT $2[0m  [["id", 18], ["LIMIT", 1]]
  [1m[36mResponse Load (44.1ms)[0m  [1m[34mSELECT "responses".* FROM "responses" INNER JOIN "answer_choices" ON "responses"."answer_choice_id" = "answer_choices"."id" WHERE "answer_choices"."question_id" = $1 AND (NOT (self.id = id))[0m  [["question_id", 5]]
  [1m[36mResponse Load (1.6ms)[0m  [1m[34mSELECT  "responses".* FROM "responses" INNER JOIN "answer_choices" ON "responses"."answer_choice_id" = "answer_choices"."id" WHERE "answer_choices"."question_id" = $1 AND (NOT (self.id = id)) LIMIT $2[0m  [["question_id", 5], ["LIMIT", 11]]
  [1m[36mResponse Load (0.4ms)[0m  [1m[34mSELECT  "responses".* FROM "responses" ORDER BY "responses"."id" ASC LIMIT $1[0m  [["LIMIT", 1]]
  [1m[36mQuestion Load (0.9ms)[0m  [1m[34mSELECT  "questions".* FROM "questions" INNER JOIN "answer_choices" ON "questions"."id" = "answer_choices"."question_id" WHERE "answer_choices"."id" = $1 LIMIT $2[0m  [["id", 18], ["LIMIT", 1]]
  [1m[36mResponse Load (0.8ms)[0m  [1m[34mSELECT "responses".* FROM "responses" INNER JOIN "answer_choices" ON "responses"."answer_choice_id" = "answer_choices"."id" WHERE "answer_choices"."question_id" = $1 AND (NOT (id =(11)))[0m  [["question_id", 5]]
  [1m[36mResponse Load (0.7ms)[0m  [1m[34mSELECT  "responses".* FROM "responses" INNER JOIN "answer_choices" ON "responses"."answer_choice_id" = "answer_choices"."id" WHERE "answer_choices"."question_id" = $1 AND (NOT (id =(11))) LIMIT $2[0m  [["question_id", 5], ["LIMIT", 11]]
  [1m[36mResponse Load (0.4ms)[0m  [1m[34mSELECT  "responses".* FROM "responses" ORDER BY "responses"."id" ASC LIMIT $1[0m  [["LIMIT", 1]]
  [1m[36mQuestion Load (0.4ms)[0m  [1m[34mSELECT  "questions".* FROM "questions" INNER JOIN "answer_choices" ON "questions"."id" = "answer_choices"."question_id" WHERE "answer_choices"."id" = $1 LIMIT $2[0m  [["id", 18], ["LIMIT", 1]]
  [1m[36mResponse Load (42.0ms)[0m  [1m[34mSELECT "responses".* FROM "responses" INNER JOIN "answer_choices" ON "responses"."answer_choice_id" = "answer_choices"."id" WHERE "answer_choices"."question_id" = $1 AND (NOT (id =(11)))[0m  [["question_id", 5]]
  [1m[36mResponse Load (1.0ms)[0m  [1m[34mSELECT  "responses".* FROM "responses" INNER JOIN "answer_choices" ON "responses"."answer_choice_id" = "answer_choices"."id" WHERE "answer_choices"."question_id" = $1 AND (NOT (id =(11))) LIMIT $2[0m  [["question_id", 5], ["LIMIT", 11]]
  [1m[36mResponse Load (0.9ms)[0m  [1m[34mSELECT  "responses".* FROM "responses" INNER JOIN "answer_choices" ON "responses"."answer_choice_id" = "answer_choices"."id" WHERE "answer_choices"."question_id" = $1 AND (NOT (id =(11))) ORDER BY "responses"."id" ASC LIMIT $2[0m  [["question_id", 5], ["LIMIT", 1]]
  [1m[36mResponse Load (0.3ms)[0m  [1m[34mSELECT  "responses".* FROM "responses" ORDER BY "responses"."id" ASC LIMIT $1[0m  [["LIMIT", 1]]
  [1m[36mQuestion Load (0.3ms)[0m  [1m[34mSELECT  "questions".* FROM "questions" INNER JOIN "answer_choices" ON "questions"."id" = "answer_choices"."question_id" WHERE "answer_choices"."id" = $1 LIMIT $2[0m  [["id", 18], ["LIMIT", 1]]
  [1m[36mResponse Load (1.0ms)[0m  [1m[34mSELECT "responses".* FROM "responses" INNER JOIN "answer_choices" ON "responses"."answer_choice_id" = "answer_choices"."id" WHERE "answer_choices"."question_id" = $1 AND (NOT (responses.id =(11)))[0m  [["question_id", 5]]
  [1m[36mResponse Load (0.3ms)[0m  [1m[34mSELECT  "responses".* FROM "responses" ORDER BY "responses"."id" ASC LIMIT $1[0m  [["LIMIT", 1]]
  [1m[36mQuestion Load (0.4ms)[0m  [1m[34mSELECT  "questions".* FROM "questions" INNER JOIN "answer_choices" ON "questions"."id" = "answer_choices"."question_id" WHERE "answer_choices"."id" = $1 LIMIT $2[0m  [["id", 18], ["LIMIT", 1]]
  [1m[36mResponse Exists (0.9ms)[0m  [1m[34mSELECT  1 AS one FROM "responses" INNER JOIN "answer_choices" ON "responses"."answer_choice_id" = "answer_choices"."id" WHERE "answer_choices"."question_id" = $1 AND (NOT (responses.id =(11))) AND (user_id = (5)) LIMIT $2[0m  [["question_id", 5], ["LIMIT", 1]]
  [1m[36mResponse Load (0.3ms)[0m  [1m[34mSELECT  "responses".* FROM "responses" ORDER BY "responses"."id" ASC LIMIT $1[0m  [["LIMIT", 1]]
  [1m[36mResponse Load (0.5ms)[0m  [1m[34mSELECT  "responses".* FROM "responses" ORDER BY "responses"."id" ASC LIMIT $1[0m  [["LIMIT", 1]]
  [1m[36mQuestion Load (0.4ms)[0m  [1m[34mSELECT  "questions".* FROM "questions" INNER JOIN "answer_choices" ON "questions"."id" = "answer_choices"."question_id" WHERE "answer_choices"."id" = $1 LIMIT $2[0m  [["id", 18], ["LIMIT", 1]]
  [1m[35m (0.3ms)[0m  [1m[35mBEGIN[0m
  [1m[35m (0.3ms)[0m  [1m[31mROLLBACK[0m
  [1m[35m (0.2ms)[0m  [1m[35mBEGIN[0m
  [1m[35m (0.2ms)[0m  [1m[31mROLLBACK[0m
  [1m[35m (0.2ms)[0m  [1m[35mBEGIN[0m
  [1m[36mQuestion Load (0.3ms)[0m  [1m[34mSELECT  "questions".* FROM "questions" INNER JOIN "answer_choices" ON "questions"."id" = "answer_choices"."question_id" WHERE "answer_choices"."id" = $1 LIMIT $2[0m  [["id", 18], ["LIMIT", 1]]
  [1m[36mResponse Exists (0.7ms)[0m  [1m[34mSELECT  1 AS one FROM "responses" INNER JOIN "answer_choices" ON "responses"."answer_choice_id" = "answer_choices"."id" WHERE "answer_choices"."question_id" = $1 AND (NOT (responses.id =(NULL))) AND (user_id = (5)) LIMIT $2[0m  [["question_id", 5], ["LIMIT", 1]]
  [1m[36mAnswerChoice Load (0.4ms)[0m  [1m[34mSELECT  "answer_choices".* FROM "answer_choices" WHERE "answer_choices"."id" = $1 LIMIT $2[0m  [["id", 18], ["LIMIT", 1]]
  [1m[36mUser Load (0.6ms)[0m  [1m[34mSELECT  "users".* FROM "users" WHERE "users"."id" = $1 LIMIT $2[0m  [["id", 5], ["LIMIT", 1]]
  [1m[35mSQL (0.7ms)[0m  [1m[32mINSERT INTO "responses" ("answer_choice_id", "user_id", "created_at", "updated_at") VALUES ($1, $2, $3, $4) RETURNING "id"[0m  [["answer_choice_id", 18], ["user_id", 5], ["created_at", "2018-11-09 01:24:29.616861"], ["updated_at", "2018-11-09 01:24:29.616861"]]
  [1m[35m (0.6ms)[0m  [1m[35mCOMMIT[0m
  [1m[36mResponse Load (0.4ms)[0m  [1m[34mSELECT  "responses".* FROM "responses" ORDER BY "responses"."id" DESC LIMIT $1[0m  [["LIMIT", 1]]
  [1m[36mResponse Load (0.7ms)[0m  [1m[34mSELECT "responses".* FROM "responses"[0m
  [1m[35m (0.2ms)[0m  [1m[35mBEGIN[0m
  [1m[36mQuestion Load (0.3ms)[0m  [1m[34mSELECT  "questions".* FROM "questions" INNER JOIN "answer_choices" ON "questions"."id" = "answer_choices"."question_id" WHERE "answer_choices"."id" = $1 LIMIT $2[0m  [["id", 18], ["LIMIT", 1]]
  [1m[36mResponse Exists (1.0ms)[0m  [1m[34mSELECT  1 AS one FROM "responses" INNER JOIN "answer_choices" ON "responses"."answer_choice_id" = "answer_choices"."id" WHERE "answer_choices"."question_id" = $1 AND (NOT (responses.id =(NULL))) AND (user_id = (5)) LIMIT $2[0m  [["question_id", 5], ["LIMIT", 1]]
  [1m[36mAnswerChoice Load (1.1ms)[0m  [1m[34mSELECT  "answer_choices".* FROM "answer_choices" WHERE "answer_choices"."id" = $1 LIMIT $2[0m  [["id", 18], ["LIMIT", 1]]
  [1m[36mUser Load (0.3ms)[0m  [1m[34mSELECT  "users".* FROM "users" WHERE "users"."id" = $1 LIMIT $2[0m  [["id", 5], ["LIMIT", 1]]
  [1m[35mSQL (0.6ms)[0m  [1m[32mINSERT INTO "responses" ("answer_choice_id", "user_id", "created_at", "updated_at") VALUES ($1, $2, $3, $4) RETURNING "id"[0m  [["answer_choice_id", 18], ["user_id", 5], ["created_at", "2018-11-09 01:30:05.671723"], ["updated_at", "2018-11-09 01:30:05.671723"]]
  [1m[35m (0.6ms)[0m  [1m[35mCOMMIT[0m
  [1m[35m (0.2ms)[0m  [1m[35mBEGIN[0m
  [1m[36mResponse Exists (1.2ms)[0m  [1m[34mSELECT  1 AS one FROM "responses" INNER JOIN "answer_choices" ON "responses"."answer_choice_id" = "answer_choices"."id" WHERE "answer_choices"."question_id" = $1 AND (NOT (responses.id =(22))) AND (user_id = (5)) LIMIT $2[0m  [["question_id", 5], ["LIMIT", 1]]
  [1m[35m (0.3ms)[0m  [1m[31mROLLBACK[0m
